No such class name 'Worker' in declaration file. Implicitly created.
No such class name 'Colors' in declaration file. Implicitly created.
No such class name 'Combinator' in declaration file. Implicitly created.
No such class name 'Matcher' in declaration file. Implicitly created.
No such class name 'MediaFeature' in declaration file. Implicitly created.
No such class name 'MediaQuery' in declaration file. Implicitly created.
No such class name 'Parser' in declaration file. Implicitly created.
No such class name 'Properties' in declaration file. Implicitly created.
No such class name 'PropertyName' in declaration file. Implicitly created.
No such class name 'PropertyValue' in declaration file. Implicitly created.
No such class name 'PropertyValueIterator' in declaration file. Implicitly created.
No such class name 'PropertyValuePart' in declaration file. Implicitly created.
No such class name 'Pseudos' in declaration file. Implicitly created.
No such class name 'Selector' in declaration file. Implicitly created.
No such class name 'SelectorPart' in declaration file. Implicitly created.
No such class name 'SelectorSubPart' in declaration file. Implicitly created.
No such class name 'Specificity' in declaration file. Implicitly created.
No such class name 'TokenStream' in declaration file. Implicitly created.
No such class name 'Tokens' in declaration file. Implicitly created.
No such class name 'Validation' in declaration file. Implicitly created.
No such class name 'ValidationError' in declaration file. Implicitly created.
No such class name 'ValidationTypes' in declaration file. Implicitly created.
No such class name 'EventTarget' in declaration file. Implicitly created.
No such class name 'StringReader' in declaration file. Implicitly created.
No such class name 'SyntaxError' in declaration file. Implicitly created.
No such class name 'SyntaxUnit' in declaration file. Implicitly created.
No such class name 'TokenStreamBase' in declaration file. Implicitly created.
No such class name 'CSSLint' in declaration file. Implicitly created.
No such class name 'Reporter' in declaration file. Implicitly created.
No such class name 'ElementStack' in declaration file. Implicitly created.
No such class name 'InputStream' in declaration file. Implicitly created.
No such class name 'EntityParser' in declaration file. Implicitly created.
No such class name 'SpecialElements' in declaration file. Implicitly created.
No such class name 'StackItem' in declaration file. Implicitly created.
No such class name 'Marker' in declaration file. Implicitly created.
No such class name 'CharacterBuffer' in declaration file. Implicitly created.
No such class name 'TreeBuilder' in declaration file. Implicitly created.
No such class name 'SAXTreeBuilder' in declaration file. Implicitly created.
No such class name 'TreeParser' in declaration file. Implicitly created.
No such class name 'SAXParser' in declaration file. Implicitly created.
No such class name 'NodeType' in declaration file. Implicitly created.
No such class name 'ParentNode' in declaration file. Implicitly created.
No such class name 'DocumentFragment' in declaration file. Implicitly created.
No such class name 'Characters' in declaration file. Implicitly created.
No such class name 'IgnorableWhitespace' in declaration file. Implicitly created.
No such class name 'Comment' in declaration file. Implicitly created.
No such class name 'Entity' in declaration file. Implicitly created.
No such class name 'SkippedEntity' in declaration file. Implicitly created.
No such class name 'ProcessingInstruction' in declaration file. Implicitly created.
No such class name 'NullLexicalHandler' in declaration file. Implicitly created.
No such class name 'TempCtor' in declaration file. Implicitly created.
No such class name 'Buffer' in declaration file. Implicitly created.
No such class name 'DataView' in declaration file. Implicitly created.
No such class name 'Hash' in declaration file. Implicitly created.
No such class name 'ListCache' in declaration file. Implicitly created.
No such class name 'MapCache' in declaration file. Implicitly created.
No such class name 'Stack' in declaration file. Implicitly created.
No such class name 'Ctor' in declaration file. Implicitly created.
No such class name 'ArrayProto' in declaration file. Implicitly created.
No such class name 'SymbolProto' in declaration file. Implicitly created.
No such class name 'Lexer' in declaration file. Implicitly created.
No such class name 'FutureReservedWord' in declaration file. Implicitly created.
No such class name 'CompArray' in declaration file. Implicitly created.
No such class name 'Context' in declaration file. Implicitly created.
No such class name 'NameStack' in declaration file. Implicitly created.
No such class name 'Item' in declaration file. Implicitly created.
No such class name 'JavaScriptWorker' in declaration file. Implicitly created.
No such class name 'JsonWorker' in declaration file. Implicitly created.
No such class name 'Mode' in declaration file. Implicitly created.
No such class name 'FullFlowContext' in declaration file. Implicitly created.
No such class name 'LoopFlowContext' in declaration file. Implicitly created.
No such class name 'PhpWorker' in declaration file. Implicitly created.
No such class name 'DOMParser' in declaration file. Implicitly created.
No such class name 'DOMHandler' in declaration file. Implicitly created.
No such class name 'ExceptionCode' in declaration file. Implicitly created.
No such class name 'ExceptionMessage' in declaration file. Implicitly created.
No such class name 'DOMException' in declaration file. Implicitly created.
No such class name 'NodeList' in declaration file. Implicitly created.
No such class name 'LiveNodeList' in declaration file. Implicitly created.
No such class name 'NamedNodeMap' in declaration file. Implicitly created.
No such class name 'DOMImplementation' in declaration file. Implicitly created.
No such class name 'CharacterData' in declaration file. Implicitly created.
No such class name 'Text' in declaration file. Implicitly created.
No such class name 'CDATASection' in declaration file. Implicitly created.
No such class name 'DocumentType' in declaration file. Implicitly created.
No such class name 'Notation' in declaration file. Implicitly created.
No such class name 'EntityReference' in declaration file. Implicitly created.
No such class name 'XMLSerializer' in declaration file. Implicitly created.
No such class name 'XMLReader' in declaration file. Implicitly created.
No such class name 'ElementAttributes' in declaration file. Implicitly created.
No such class name 'JSONiqTokenizer' in declaration file. Implicitly created.
No such class name 'Rules' in declaration file. Implicitly created.
No such class name 'TokenHandler' in declaration file. Implicitly created.
No such class name 'StaticError' in declaration file. Implicitly created.
No such class name 'StaticWarning' in declaration file. Implicitly created.
No such class name 'TreeOps' in declaration file. Implicitly created.
No such class name 'Errors' in declaration file. Implicitly created.
No such class name 'SchemaPrefixHandler' in declaration file. Implicitly created.
No such class name 'EQNameHandler' in declaration file. Implicitly created.
No such class name 'SchemaBuiltinTypes' in declaration file. Implicitly created.
No such class name 'StaticContext' in declaration file. Implicitly created.
No such class name 'Handlers' in declaration file. Implicitly created.
No such class name 'XQueryTokenizer' in declaration file. Implicitly created.
No such class name 'JSONiqParser' in declaration file. Implicitly created.
No such class name 'XQueryParser' in declaration file. Implicitly created.
No such class name 'JSONParseTreeHandler' in declaration file. Implicitly created.
No such class name 'Translator' in declaration file. Implicitly created.
No such class name 'StyleChecker' in declaration file. Implicitly created.
No such class name 'XQDoc' in declaration file. Implicitly created.
No such class name 'ArrayBuffer' in declaration file. Implicitly created.
No such class name 'LodashWrapper' in declaration file. Implicitly created.
No such class name 'LazyWrapper' in declaration file. Implicitly created.
No such class name 'SetCache' in declaration file. Implicitly created.
No such class name 'XQLint' in declaration file. Implicitly created.
No such class name 'XQueryWorker' in declaration file. Implicitly created.
No such class name 'State' in declaration file. Implicitly created.
No such class name 'YAMLException' in declaration file. Implicitly created.
No such class name 'Mark' in declaration file. Implicitly created.
No such class name 'Schema' in declaration file. Implicitly created.
No such class name 'NodeBuffer' in declaration file. Implicitly created.
No such class name 'Map' in declaration file. Implicitly created.
No such class name 'YamlWorker' in declaration file. Implicitly created.
No such class name 'Mirror' in declaration file. Implicitly created.
No such class name 'Sender' in declaration file. Implicitly created.
No such class name 'BlobBuilder' in declaration file. Implicitly created.
No such class name 'WorkerClient' in declaration file. Implicitly created.
No such class name 'UIWorkerClient' in declaration file. Implicitly created.
No such method name 'onUpdate' in declaration file. Class: Worker. Implicitly created.
No such method name 'setInfoRules' in declaration file. Class: Worker. Implicitly created.
No such method name 'setDisabledRules' in declaration file. Class: Worker. Implicitly created.
No such method name 'setOptions' in declaration file. Class: Worker. Implicitly created.
No constructor in declaration file. Class: Combinator. Implicitly created.
No such method name 'match' in declaration file. Class: Matcher. Implicitly created.
No such method name 'parse' in declaration file. Class: Matcher. Implicitly created.
No such method name 'cast' in declaration file. Class: Matcher. Implicitly created.
No such method name 'fromType' in declaration file. Class: Matcher. Implicitly created.
No such method name 'seq' in declaration file. Class: Matcher. Implicitly created.
No such method name 'alt' in declaration file. Class: Matcher. Implicitly created.
No such method name 'many' in declaration file. Class: Matcher. Implicitly created.
No such method name 'andand' in declaration file. Class: Matcher. Implicitly created.
No such method name 'oror' in declaration file. Class: Matcher. Implicitly created.
No constructor in declaration file. Class: MediaFeature. Implicitly created.
No constructor in declaration file. Class: MediaQuery. Implicitly created.
No constructor in declaration file. Class: Parser. Implicitly created.
No constructor in declaration file. Class: PropertyName. Implicitly created.
No such method name 'toString' in declaration file. Class: PropertyName. Implicitly created.
No constructor in declaration file. Class: PropertyValue. Implicitly created.
No constructor in declaration file. Class: PropertyValueIterator. Implicitly created.
No such method name 'count' in declaration file. Class: PropertyValueIterator. Implicitly created.
No such method name 'isFirst' in declaration file. Class: PropertyValueIterator. Implicitly created.
No such method name 'hasNext' in declaration file. Class: PropertyValueIterator. Implicitly created.
No such method name 'mark' in declaration file. Class: PropertyValueIterator. Implicitly created.
No such method name 'peek' in declaration file. Class: PropertyValueIterator. Implicitly created.
No such method name 'next' in declaration file. Class: PropertyValueIterator. Implicitly created.
No such method name 'previous' in declaration file. Class: PropertyValueIterator. Implicitly created.
No such method name 'restore' in declaration file. Class: PropertyValueIterator. Implicitly created.
No such method name 'drop' in declaration file. Class: PropertyValueIterator. Implicitly created.
No constructor in declaration file. Class: PropertyValuePart. Implicitly created.
No such method name 'parseString' in declaration file. Class: PropertyValuePart. Implicitly created.
No such method name 'serializeString' in declaration file. Class: PropertyValuePart. Implicitly created.
No such method name 'fromToken' in declaration file. Class: PropertyValuePart. Implicitly created.
No such method name 'isElement' in declaration file. Class: Pseudos. Implicitly created.
No constructor in declaration file. Class: Selector. Implicitly created.
No constructor in declaration file. Class: SelectorPart. Implicitly created.
No constructor in declaration file. Class: SelectorSubPart. Implicitly created.
No constructor in declaration file. Class: Specificity. Implicitly created.
No such method name 'calculate' in declaration file. Class: Specificity. Implicitly created.
No constructor in declaration file. Class: TokenStream. Implicitly created.
No such method name 'name' in declaration file. Class: Tokens. Implicitly created.
No such method name 'type' in declaration file. Class: Tokens. Implicitly created.
No constructor in declaration file. Class: ValidationError. Implicitly created.
No constructor in declaration file. Class: EventTarget. Implicitly created.
No constructor in declaration file. Class: StringReader. Implicitly created.
No constructor in declaration file. Class: SyntaxError. Implicitly created.
No constructor in declaration file. Class: SyntaxUnit. Implicitly created.
No such method name 'fromToken' in declaration file. Class: SyntaxUnit. Implicitly created.
No constructor in declaration file. Class: TokenStreamBase. Implicitly created.
No such method name 'createTokenData' in declaration file. Class: TokenStreamBase. Implicitly created.
No constructor in declaration file. Class: Reporter. Implicitly created.
No such method name 'setMaxListeners' in declaration file. Class: EventEmitter. Implicitly created.
No such method name 'emit' in declaration file. Class: EventEmitter. Implicitly created.
No such method name 'addListener' in declaration file. Class: EventEmitter. Implicitly created.
No such method name 'listeners' in declaration file. Class: EventEmitter. Implicitly created.
No such method name 'listenerCount' in declaration file. Class: EventEmitter. Implicitly created.
No such method name 'getMaxListeners' in declaration file. Class: EventEmitter. Implicitly created.
No such method name 'prependListener' in declaration file. Class: EventEmitter. Implicitly created.
No such method name 'prependOnceListener' in declaration file. Class: EventEmitter. Implicitly created.
No such method name 'rawListeners' in declaration file. Class: EventEmitter. Implicitly created.
No such method name 'eventNames' in declaration file. Class: EventEmitter. Implicitly created.
No such method name 'complete' in declaration file. Class: Marker. Implicitly created.
No such method name 'bless' in declaration file. Class: Marker. Implicitly created.
No such method name 'skipAtMostOneLeadingNewline' in declaration file. Class: CharacterBuffer. Implicitly created.
No such method name 'skipLeadingWhitespace' in declaration file. Class: CharacterBuffer. Implicitly created.
No such method name 'skipLeadingNonWhitespace' in declaration file. Class: CharacterBuffer. Implicitly created.
No such method name 'takeRemaining' in declaration file. Class: CharacterBuffer. Implicitly created.
No such method name 'takeLeadingWhitespace' in declaration file. Class: CharacterBuffer. Implicitly created.
No such method name 'start' in declaration file. Class: SAXTreeBuilder. Implicitly created.
No such method name 'end' in declaration file. Class: SAXTreeBuilder. Implicitly created.
No such method name 'insertDoctype' in declaration file. Class: SAXTreeBuilder. Implicitly created.
No such method name 'createElement' in declaration file. Class: SAXTreeBuilder. Implicitly created.
No such method name 'insertComment' in declaration file. Class: SAXTreeBuilder. Implicitly created.
No such method name 'appendCharacters' in declaration file. Class: SAXTreeBuilder. Implicitly created.
No such method name 'insertText' in declaration file. Class: SAXTreeBuilder. Implicitly created.
No such method name 'attachNode' in declaration file. Class: SAXTreeBuilder. Implicitly created.
No such method name 'attachNodeToFosterParent' in declaration file. Class: SAXTreeBuilder. Implicitly created.
No such method name 'detachFromParent' in declaration file. Class: SAXTreeBuilder. Implicitly created.
No such method name 'reparentChildren' in declaration file. Class: SAXTreeBuilder. Implicitly created.
No such method name 'getFragment' in declaration file. Class: SAXTreeBuilder. Implicitly created.
No such method name 'addAttributesToElement' in declaration file. Class: SAXTreeBuilder. Implicitly created.
No such method name 'parse' in declaration file. Class: TreeParser. Implicitly created.
No such method name 'characters' in declaration file. Class: TreeParser. Implicitly created.
No such method name 'endDocument' in declaration file. Class: TreeParser. Implicitly created.
No such method name 'endElement' in declaration file. Class: TreeParser. Implicitly created.
No such method name 'endPrefixMapping' in declaration file. Class: TreeParser. Implicitly created.
No such method name 'ignorableWhitespace' in declaration file. Class: TreeParser. Implicitly created.
No such method name 'processingInstruction' in declaration file. Class: TreeParser. Implicitly created.
No such method name 'skippedEntity' in declaration file. Class: TreeParser. Implicitly created.
No such method name 'startDocument' in declaration file. Class: TreeParser. Implicitly created.
No such method name 'startElement' in declaration file. Class: TreeParser. Implicitly created.
No such method name 'startPrefixMapping' in declaration file. Class: TreeParser. Implicitly created.
No such method name 'comment' in declaration file. Class: TreeParser. Implicitly created.
No such method name 'endCDATA' in declaration file. Class: TreeParser. Implicitly created.
No such method name 'endDTD' in declaration file. Class: TreeParser. Implicitly created.
No such method name 'endEntity' in declaration file. Class: TreeParser. Implicitly created.
No such method name 'startCDATA' in declaration file. Class: TreeParser. Implicitly created.
No such method name 'startDTD' in declaration file. Class: TreeParser. Implicitly created.
No such method name 'startEntity' in declaration file. Class: TreeParser. Implicitly created.
No such method name 'parse' in declaration file. Class: SAXParser. Implicitly created.
No such method name 'parseFragment' in declaration file. Class: SAXParser. Implicitly created.
No such method name 'insertBefore' in declaration file. Class: ParentNode. Implicitly created.
No such method name 'insertBetween' in declaration file. Class: ParentNode. Implicitly created.
No such method name 'appendChild' in declaration file. Class: ParentNode. Implicitly created.
No such method name 'appendChildren' in declaration file. Class: ParentNode. Implicitly created.
No such method name 'removeChild' in declaration file. Class: ParentNode. Implicitly created.
No such method name 'visit' in declaration file. Class: Document. Implicitly created.
No such method name 'revisit' in declaration file. Class: Document. Implicitly created.
No such method name 'visit' in declaration file. Class: DocumentFragment. Implicitly created.
No such method name 'visit' in declaration file. Class: Characters. Implicitly created.
No such method name 'visit' in declaration file. Class: IgnorableWhitespace. Implicitly created.
No such method name 'visit' in declaration file. Class: Comment. Implicitly created.
No such method name 'visit' in declaration file. Class: Entity. Implicitly created.
No such method name 'revisit' in declaration file. Class: Entity. Implicitly created.
No such method name 'visit' in declaration file. Class: SkippedEntity. Implicitly created.
No such method name 'visit' in declaration file. Class: ProcessingInstruction. Implicitly created.
No such method name 'getNodeType' in declaration file. Class: ProcessingInstruction. Implicitly created.
No such method name 'comment' in declaration file. Class: NullLexicalHandler. Implicitly created.
No such method name 'endCDATA' in declaration file. Class: NullLexicalHandler. Implicitly created.
No such method name 'endDTD' in declaration file. Class: NullLexicalHandler. Implicitly created.
No such method name 'endEntity' in declaration file. Class: NullLexicalHandler. Implicitly created.
No such method name 'startCDATA' in declaration file. Class: NullLexicalHandler. Implicitly created.
No such method name 'startDTD' in declaration file. Class: NullLexicalHandler. Implicitly created.
No such method name 'startEntity' in declaration file. Class: NullLexicalHandler. Implicitly created.
No constructor in declaration file. Class: Hash. Implicitly created.
No constructor in declaration file. Class: ListCache. Implicitly created.
No constructor in declaration file. Class: Stack. Implicitly created.
No such method name 'run' in declaration file. Class: Item. Implicitly created.
No such method name 'setOptions' in declaration file. Class: JavaScriptWorker. Implicitly created.
No such method name 'changeOptions' in declaration file. Class: JavaScriptWorker. Implicitly created.
No such method name 'onUpdate' in declaration file. Class: JavaScriptWorker. Implicitly created.
No such method name 'onUpdate' in declaration file. Class: JsonWorker. Implicitly created.
No such method name 'getNextLineIndent' in declaration file. Class: Mode. Implicitly created.
No such method name 'checkOutdent' in declaration file. Class: Mode. Implicitly created.
No such method name 'autoOutdent' in declaration file. Class: Mode. Implicitly created.
No such method name 'toggleCommentLines' in declaration file. Class: Mode. Implicitly created.
No such method name 'createWorker' in declaration file. Class: Mode. Implicitly created.
No such method name 'removeMarkers' in declaration file. Class: Mode. Implicitly created.
No such method name 'addMarkers' in declaration file. Class: Mode. Implicitly created.
No such method name 'isInLoop' in declaration file. Class: FullFlowContext. Implicitly created.
No such method name 'pushScope' in declaration file. Class: FullFlowContext. Implicitly created.
No such method name 'popScope' in declaration file. Class: FullFlowContext. Implicitly created.
No such method name 'addGoto' in declaration file. Class: FullFlowContext. Implicitly created.
No such method name 'addLabel' in declaration file. Class: FullFlowContext. Implicitly created.
No such method name 'addLocal' in declaration file. Class: FullFlowContext. Implicitly created.
No such method name 'currentScope' in declaration file. Class: FullFlowContext. Implicitly created.
No such method name 'raiseDeferredErrors' in declaration file. Class: FullFlowContext. Implicitly created.
No such method name 'isInLoop' in declaration file. Class: LoopFlowContext. Implicitly created.
No such method name 'pushScope' in declaration file. Class: LoopFlowContext. Implicitly created.
No such method name 'popScope' in declaration file. Class: LoopFlowContext. Implicitly created.
No such method name 'addGoto' in declaration file. Class: LoopFlowContext. Implicitly created.
No such method name 'addLocal' in declaration file. Class: LoopFlowContext. Implicitly created.
No such method name 'setOptions' in declaration file. Class: PhpWorker. Implicitly created.
No such method name 'onUpdate' in declaration file. Class: PhpWorker. Implicitly created.
No such method name 'parseFromString' in declaration file. Class: DOMParser. Implicitly created.
No such method name 'DOMHandler' in declaration file. Class: DOMHandler. Implicitly created.
No such method name 'item' in declaration file. Class: LiveNodeList. Implicitly created.
No such method name 'serializeToString' in declaration file. Class: XMLSerializer. Implicitly created.
No such method name 'exports' in declaration file. Class: Rules. Implicitly created.
No such method name 'LazyWrapper' in declaration file. Class: LazyWrapper. Implicitly created.
No such method name 'compact' in declaration file. Class: LazyWrapper. Implicitly created.
No such method name 'reject' in declaration file. Class: LazyWrapper. Implicitly created.
No such method name 'slice' in declaration file. Class: LazyWrapper. Implicitly created.
No such method name 'takeRightWhile' in declaration file. Class: LazyWrapper. Implicitly created.
No such method name 'toArray' in declaration file. Class: LazyWrapper. Implicitly created.
No such method name 'onUpdate' in declaration file. Class: XQueryWorker. Implicitly created.
No such method name 'toString' in declaration file. Class: YAMLException. Implicitly created.
No such method name 'getSnippet' in declaration file. Class: Mark. Implicitly created.
No such method name 'toString' in declaration file. Class: Mark. Implicitly created.
No such method name 'create' in declaration file. Class: Schema. Implicitly created.
No such method name 'setOptions' in declaration file. Class: YamlWorker. Implicitly created.
No such method name 'changeOptions' in declaration file. Class: YamlWorker. Implicitly created.
No such method name 'onUpdate' in declaration file. Class: YamlWorker. Implicitly created.
No such method name 'setTimeout' in declaration file. Class: Mirror. Implicitly created.
No such method name 'setValue' in declaration file. Class: Mirror. Implicitly created.
No such method name 'getValue' in declaration file. Class: Mirror. Implicitly created.
No such method name 'onUpdate' in declaration file. Class: Mirror. Implicitly created.
No such method name 'isPending' in declaration file. Class: Mirror. Implicitly created.
No such method name 'callback' in declaration file. Class: Sender. Implicitly created.
No such method name 'emit' in declaration file. Class: Sender. Implicitly created.
No such method name 'onMessage' in declaration file. Class: WorkerClient. Implicitly created.
No such method name 'reportError' in declaration file. Class: WorkerClient. Implicitly created.
No such method name 'terminate' in declaration file. Class: WorkerClient. Implicitly created.
No such method name 'send' in declaration file. Class: WorkerClient. Implicitly created.
No such method name 'call' in declaration file. Class: WorkerClient. Implicitly created.
No such method name 'emit' in declaration file. Class: WorkerClient. Implicitly created.
No such method name 'attachToDocument' in declaration file. Class: WorkerClient. Implicitly created.
No such method name 'changeListener' in declaration file. Class: WorkerClient. Implicitly created.
No such class name 'Worker' in declaration file. Implicitly created.
No such class name 'Colors' in declaration file. Implicitly created.
No such class name 'Combinator' in declaration file. Implicitly created.
No such class name 'Matcher' in declaration file. Implicitly created.
No such class name 'MediaFeature' in declaration file. Implicitly created.
No such class name 'MediaQuery' in declaration file. Implicitly created.
No such class name 'Parser' in declaration file. Implicitly created.
No such class name 'Properties' in declaration file. Implicitly created.
No such class name 'PropertyName' in declaration file. Implicitly created.
No such class name 'PropertyValue' in declaration file. Implicitly created.
No such class name 'PropertyValueIterator' in declaration file. Implicitly created.
No such class name 'PropertyValuePart' in declaration file. Implicitly created.
No such class name 'Pseudos' in declaration file. Implicitly created.
No such class name 'Selector' in declaration file. Implicitly created.
No such class name 'SelectorPart' in declaration file. Implicitly created.
No such class name 'SelectorSubPart' in declaration file. Implicitly created.
No such class name 'Specificity' in declaration file. Implicitly created.
No such class name 'TokenStream' in declaration file. Implicitly created.
No such class name 'Tokens' in declaration file. Implicitly created.
No such class name 'Validation' in declaration file. Implicitly created.
No such class name 'ValidationError' in declaration file. Implicitly created.
No such class name 'ValidationTypes' in declaration file. Implicitly created.
No such class name 'EventTarget' in declaration file. Implicitly created.
No such class name 'StringReader' in declaration file. Implicitly created.
No such class name 'SyntaxError' in declaration file. Implicitly created.
No such class name 'SyntaxUnit' in declaration file. Implicitly created.
No such class name 'TokenStreamBase' in declaration file. Implicitly created.
No such class name 'CSSLint' in declaration file. Implicitly created.
No such class name 'Reporter' in declaration file. Implicitly created.
No such class name 'ElementStack' in declaration file. Implicitly created.
No such class name 'InputStream' in declaration file. Implicitly created.
No such class name 'EntityParser' in declaration file. Implicitly created.
No such class name 'SpecialElements' in declaration file. Implicitly created.
No such class name 'StackItem' in declaration file. Implicitly created.
No such class name 'Marker' in declaration file. Implicitly created.
No such class name 'CharacterBuffer' in declaration file. Implicitly created.
No such class name 'TreeBuilder' in declaration file. Implicitly created.
No such class name 'SAXTreeBuilder' in declaration file. Implicitly created.
No such class name 'TreeParser' in declaration file. Implicitly created.
No such class name 'SAXParser' in declaration file. Implicitly created.
No such class name 'NodeType' in declaration file. Implicitly created.
No such class name 'ParentNode' in declaration file. Implicitly created.
No such class name 'DocumentFragment' in declaration file. Implicitly created.
No such class name 'Characters' in declaration file. Implicitly created.
No such class name 'IgnorableWhitespace' in declaration file. Implicitly created.
No such class name 'Comment' in declaration file. Implicitly created.
No such class name 'Entity' in declaration file. Implicitly created.
No such class name 'SkippedEntity' in declaration file. Implicitly created.
No such class name 'ProcessingInstruction' in declaration file. Implicitly created.
No such class name 'NullLexicalHandler' in declaration file. Implicitly created.
No such class name 'TempCtor' in declaration file. Implicitly created.
No such class name 'Buffer' in declaration file. Implicitly created.
No such class name 'DataView' in declaration file. Implicitly created.
No such class name 'Hash' in declaration file. Implicitly created.
No such class name 'ListCache' in declaration file. Implicitly created.
No such class name 'MapCache' in declaration file. Implicitly created.
No such class name 'Stack' in declaration file. Implicitly created.
No such class name 'Ctor' in declaration file. Implicitly created.
No such class name 'ArrayProto' in declaration file. Implicitly created.
No such class name 'SymbolProto' in declaration file. Implicitly created.
No such class name 'Lexer' in declaration file. Implicitly created.
No such class name 'FutureReservedWord' in declaration file. Implicitly created.
No such class name 'CompArray' in declaration file. Implicitly created.
No such class name 'Context' in declaration file. Implicitly created.
No such class name 'NameStack' in declaration file. Implicitly created.
No such class name 'Item' in declaration file. Implicitly created.
No such class name 'JavaScriptWorker' in declaration file. Implicitly created.
No such class name 'JsonWorker' in declaration file. Implicitly created.
No such class name 'Mode' in declaration file. Implicitly created.
No such class name 'FullFlowContext' in declaration file. Implicitly created.
No such class name 'LoopFlowContext' in declaration file. Implicitly created.
No such class name 'PhpWorker' in declaration file. Implicitly created.
No such class name 'DOMParser' in declaration file. Implicitly created.
No such class name 'DOMHandler' in declaration file. Implicitly created.
No such class name 'ExceptionCode' in declaration file. Implicitly created.
No such class name 'ExceptionMessage' in declaration file. Implicitly created.
No such class name 'DOMException' in declaration file. Implicitly created.
No such class name 'NodeList' in declaration file. Implicitly created.
No such class name 'LiveNodeList' in declaration file. Implicitly created.
No such class name 'NamedNodeMap' in declaration file. Implicitly created.
No such class name 'DOMImplementation' in declaration file. Implicitly created.
No such class name 'CharacterData' in declaration file. Implicitly created.
No such class name 'Text' in declaration file. Implicitly created.
No such class name 'CDATASection' in declaration file. Implicitly created.
No such class name 'DocumentType' in declaration file. Implicitly created.
No such class name 'Notation' in declaration file. Implicitly created.
No such class name 'EntityReference' in declaration file. Implicitly created.
No such class name 'XMLSerializer' in declaration file. Implicitly created.
No such class name 'XMLReader' in declaration file. Implicitly created.
No such class name 'ElementAttributes' in declaration file. Implicitly created.
No such class name 'JSONiqTokenizer' in declaration file. Implicitly created.
No such class name 'Rules' in declaration file. Implicitly created.
No such class name 'TokenHandler' in declaration file. Implicitly created.
No such class name 'StaticError' in declaration file. Implicitly created.
No such class name 'StaticWarning' in declaration file. Implicitly created.
No such class name 'TreeOps' in declaration file. Implicitly created.
No such class name 'Errors' in declaration file. Implicitly created.
No such class name 'SchemaPrefixHandler' in declaration file. Implicitly created.
No such class name 'EQNameHandler' in declaration file. Implicitly created.
No such class name 'SchemaBuiltinTypes' in declaration file. Implicitly created.
No such class name 'StaticContext' in declaration file. Implicitly created.
No such class name 'Handlers' in declaration file. Implicitly created.
No such class name 'XQueryTokenizer' in declaration file. Implicitly created.
No such class name 'JSONiqParser' in declaration file. Implicitly created.
No such class name 'XQueryParser' in declaration file. Implicitly created.
No such class name 'JSONParseTreeHandler' in declaration file. Implicitly created.
No such class name 'Translator' in declaration file. Implicitly created.
No such class name 'StyleChecker' in declaration file. Implicitly created.
No such class name 'XQDoc' in declaration file. Implicitly created.
No such class name 'ArrayBuffer' in declaration file. Implicitly created.
No such class name 'LodashWrapper' in declaration file. Implicitly created.
No such class name 'LazyWrapper' in declaration file. Implicitly created.
No such class name 'SetCache' in declaration file. Implicitly created.
No such class name 'XQLint' in declaration file. Implicitly created.
No such class name 'XQueryWorker' in declaration file. Implicitly created.
No such class name 'State' in declaration file. Implicitly created.
No such class name 'YAMLException' in declaration file. Implicitly created.
No such class name 'Mark' in declaration file. Implicitly created.
No such class name 'Schema' in declaration file. Implicitly created.
No such class name 'NodeBuffer' in declaration file. Implicitly created.
No such class name 'Map' in declaration file. Implicitly created.
No such class name 'YamlWorker' in declaration file. Implicitly created.
No such class name 'Mirror' in declaration file. Implicitly created.
No such class name 'Sender' in declaration file. Implicitly created.
No such class name 'BlobBuilder' in declaration file. Implicitly created.
No such class name 'WorkerClient' in declaration file. Implicitly created.
No such class name 'UIWorkerClient' in declaration file. Implicitly created.
No such method name 'onUpdate' in declaration file. Class: Worker. Implicitly created.
No such method name 'setInfoRules' in declaration file. Class: Worker. Implicitly created.
No such method name 'setDisabledRules' in declaration file. Class: Worker. Implicitly created.
No such method name 'setOptions' in declaration file. Class: Worker. Implicitly created.
No constructor in declaration file. Class: Combinator. Implicitly created.
No such method name 'match' in declaration file. Class: Matcher. Implicitly created.
No such method name 'parse' in declaration file. Class: Matcher. Implicitly created.
No such method name 'cast' in declaration file. Class: Matcher. Implicitly created.
No such method name 'fromType' in declaration file. Class: Matcher. Implicitly created.
No such method name 'seq' in declaration file. Class: Matcher. Implicitly created.
No such method name 'alt' in declaration file. Class: Matcher. Implicitly created.
No such method name 'many' in declaration file. Class: Matcher. Implicitly created.
No such method name 'andand' in declaration file. Class: Matcher. Implicitly created.
No such method name 'oror' in declaration file. Class: Matcher. Implicitly created.
No constructor in declaration file. Class: MediaFeature. Implicitly created.
No constructor in declaration file. Class: MediaQuery. Implicitly created.
No constructor in declaration file. Class: Parser. Implicitly created.
No constructor in declaration file. Class: PropertyName. Implicitly created.
No such method name 'toString' in declaration file. Class: PropertyName. Implicitly created.
No constructor in declaration file. Class: PropertyValue. Implicitly created.
No constructor in declaration file. Class: PropertyValueIterator. Implicitly created.
No such method name 'count' in declaration file. Class: PropertyValueIterator. Implicitly created.
No such method name 'isFirst' in declaration file. Class: PropertyValueIterator. Implicitly created.
No such method name 'hasNext' in declaration file. Class: PropertyValueIterator. Implicitly created.
No such method name 'mark' in declaration file. Class: PropertyValueIterator. Implicitly created.
No such method name 'peek' in declaration file. Class: PropertyValueIterator. Implicitly created.
No such method name 'next' in declaration file. Class: PropertyValueIterator. Implicitly created.
No such method name 'previous' in declaration file. Class: PropertyValueIterator. Implicitly created.
No such method name 'restore' in declaration file. Class: PropertyValueIterator. Implicitly created.
No such method name 'drop' in declaration file. Class: PropertyValueIterator. Implicitly created.
No constructor in declaration file. Class: PropertyValuePart. Implicitly created.
No such method name 'parseString' in declaration file. Class: PropertyValuePart. Implicitly created.
No such method name 'serializeString' in declaration file. Class: PropertyValuePart. Implicitly created.
No such method name 'fromToken' in declaration file. Class: PropertyValuePart. Implicitly created.
No such method name 'isElement' in declaration file. Class: Pseudos. Implicitly created.
No constructor in declaration file. Class: Selector. Implicitly created.
No constructor in declaration file. Class: SelectorPart. Implicitly created.
No constructor in declaration file. Class: SelectorSubPart. Implicitly created.
No constructor in declaration file. Class: Specificity. Implicitly created.
No such method name 'calculate' in declaration file. Class: Specificity. Implicitly created.
No constructor in declaration file. Class: TokenStream. Implicitly created.
No such method name 'name' in declaration file. Class: Tokens. Implicitly created.
No such method name 'type' in declaration file. Class: Tokens. Implicitly created.
No constructor in declaration file. Class: ValidationError. Implicitly created.
No constructor in declaration file. Class: EventTarget. Implicitly created.
No constructor in declaration file. Class: StringReader. Implicitly created.
No constructor in declaration file. Class: SyntaxError. Implicitly created.
No constructor in declaration file. Class: SyntaxUnit. Implicitly created.
No such method name 'fromToken' in declaration file. Class: SyntaxUnit. Implicitly created.
No constructor in declaration file. Class: TokenStreamBase. Implicitly created.
No such method name 'createTokenData' in declaration file. Class: TokenStreamBase. Implicitly created.
No constructor in declaration file. Class: Reporter. Implicitly created.
No such method name 'setMaxListeners' in declaration file. Class: EventEmitter. Implicitly created.
No such method name 'emit' in declaration file. Class: EventEmitter. Implicitly created.
No such method name 'addListener' in declaration file. Class: EventEmitter. Implicitly created.
No such method name 'listeners' in declaration file. Class: EventEmitter. Implicitly created.
No such method name 'listenerCount' in declaration file. Class: EventEmitter. Implicitly created.
No such method name 'getMaxListeners' in declaration file. Class: EventEmitter. Implicitly created.
No such method name 'prependListener' in declaration file. Class: EventEmitter. Implicitly created.
No such method name 'prependOnceListener' in declaration file. Class: EventEmitter. Implicitly created.
No such method name 'rawListeners' in declaration file. Class: EventEmitter. Implicitly created.
No such method name 'eventNames' in declaration file. Class: EventEmitter. Implicitly created.
No such method name 'complete' in declaration file. Class: Marker. Implicitly created.
No such method name 'bless' in declaration file. Class: Marker. Implicitly created.
No such method name 'skipAtMostOneLeadingNewline' in declaration file. Class: CharacterBuffer. Implicitly created.
No such method name 'skipLeadingWhitespace' in declaration file. Class: CharacterBuffer. Implicitly created.
No such method name 'skipLeadingNonWhitespace' in declaration file. Class: CharacterBuffer. Implicitly created.
No such method name 'takeRemaining' in declaration file. Class: CharacterBuffer. Implicitly created.
No such method name 'takeLeadingWhitespace' in declaration file. Class: CharacterBuffer. Implicitly created.
No such method name 'start' in declaration file. Class: SAXTreeBuilder. Implicitly created.
No such method name 'end' in declaration file. Class: SAXTreeBuilder. Implicitly created.
No such method name 'insertDoctype' in declaration file. Class: SAXTreeBuilder. Implicitly created.
No such method name 'createElement' in declaration file. Class: SAXTreeBuilder. Implicitly created.
No such method name 'insertComment' in declaration file. Class: SAXTreeBuilder. Implicitly created.
No such method name 'appendCharacters' in declaration file. Class: SAXTreeBuilder. Implicitly created.
No such method name 'insertText' in declaration file. Class: SAXTreeBuilder. Implicitly created.
No such method name 'attachNode' in declaration file. Class: SAXTreeBuilder. Implicitly created.
No such method name 'attachNodeToFosterParent' in declaration file. Class: SAXTreeBuilder. Implicitly created.
No such method name 'detachFromParent' in declaration file. Class: SAXTreeBuilder. Implicitly created.
No such method name 'reparentChildren' in declaration file. Class: SAXTreeBuilder. Implicitly created.
No such method name 'getFragment' in declaration file. Class: SAXTreeBuilder. Implicitly created.
No such method name 'addAttributesToElement' in declaration file. Class: SAXTreeBuilder. Implicitly created.
No such method name 'parse' in declaration file. Class: TreeParser. Implicitly created.
No such method name 'characters' in declaration file. Class: TreeParser. Implicitly created.
No such method name 'endDocument' in declaration file. Class: TreeParser. Implicitly created.
No such method name 'endElement' in declaration file. Class: TreeParser. Implicitly created.
No such method name 'endPrefixMapping' in declaration file. Class: TreeParser. Implicitly created.
No such method name 'ignorableWhitespace' in declaration file. Class: TreeParser. Implicitly created.
No such method name 'processingInstruction' in declaration file. Class: TreeParser. Implicitly created.
No such method name 'skippedEntity' in declaration file. Class: TreeParser. Implicitly created.
No such method name 'startDocument' in declaration file. Class: TreeParser. Implicitly created.
No such method name 'startElement' in declaration file. Class: TreeParser. Implicitly created.
No such method name 'startPrefixMapping' in declaration file. Class: TreeParser. Implicitly created.
No such method name 'comment' in declaration file. Class: TreeParser. Implicitly created.
No such method name 'endCDATA' in declaration file. Class: TreeParser. Implicitly created.
No such method name 'endDTD' in declaration file. Class: TreeParser. Implicitly created.
No such method name 'endEntity' in declaration file. Class: TreeParser. Implicitly created.
No such method name 'startCDATA' in declaration file. Class: TreeParser. Implicitly created.
No such method name 'startDTD' in declaration file. Class: TreeParser. Implicitly created.
No such method name 'startEntity' in declaration file. Class: TreeParser. Implicitly created.
No such method name 'parse' in declaration file. Class: SAXParser. Implicitly created.
No such method name 'parseFragment' in declaration file. Class: SAXParser. Implicitly created.
No such method name 'insertBefore' in declaration file. Class: ParentNode. Implicitly created.
No such method name 'insertBetween' in declaration file. Class: ParentNode. Implicitly created.
No such method name 'appendChild' in declaration file. Class: ParentNode. Implicitly created.
No such method name 'appendChildren' in declaration file. Class: ParentNode. Implicitly created.
No such method name 'removeChild' in declaration file. Class: ParentNode. Implicitly created.
No such method name 'visit' in declaration file. Class: Document. Implicitly created.
No such method name 'revisit' in declaration file. Class: Document. Implicitly created.
No such method name 'visit' in declaration file. Class: DocumentFragment. Implicitly created.
No such method name 'visit' in declaration file. Class: Characters. Implicitly created.
No such method name 'visit' in declaration file. Class: IgnorableWhitespace. Implicitly created.
No such method name 'visit' in declaration file. Class: Comment. Implicitly created.
No such method name 'visit' in declaration file. Class: Entity. Implicitly created.
No such method name 'revisit' in declaration file. Class: Entity. Implicitly created.
No such method name 'visit' in declaration file. Class: SkippedEntity. Implicitly created.
No such method name 'visit' in declaration file. Class: ProcessingInstruction. Implicitly created.
No such method name 'getNodeType' in declaration file. Class: ProcessingInstruction. Implicitly created.
No such method name 'comment' in declaration file. Class: NullLexicalHandler. Implicitly created.
No such method name 'endCDATA' in declaration file. Class: NullLexicalHandler. Implicitly created.
No such method name 'endDTD' in declaration file. Class: NullLexicalHandler. Implicitly created.
No such method name 'endEntity' in declaration file. Class: NullLexicalHandler. Implicitly created.
No such method name 'startCDATA' in declaration file. Class: NullLexicalHandler. Implicitly created.
No such method name 'startDTD' in declaration file. Class: NullLexicalHandler. Implicitly created.
No such method name 'startEntity' in declaration file. Class: NullLexicalHandler. Implicitly created.
No constructor in declaration file. Class: Hash. Implicitly created.
No constructor in declaration file. Class: ListCache. Implicitly created.
No constructor in declaration file. Class: Stack. Implicitly created.
No such method name 'run' in declaration file. Class: Item. Implicitly created.
No such method name 'setOptions' in declaration file. Class: JavaScriptWorker. Implicitly created.
No such method name 'changeOptions' in declaration file. Class: JavaScriptWorker. Implicitly created.
No such method name 'onUpdate' in declaration file. Class: JavaScriptWorker. Implicitly created.
No such method name 'onUpdate' in declaration file. Class: JsonWorker. Implicitly created.
No such method name 'getNextLineIndent' in declaration file. Class: Mode. Implicitly created.
No such method name 'checkOutdent' in declaration file. Class: Mode. Implicitly created.
No such method name 'autoOutdent' in declaration file. Class: Mode. Implicitly created.
No such method name 'toggleCommentLines' in declaration file. Class: Mode. Implicitly created.
No such method name 'createWorker' in declaration file. Class: Mode. Implicitly created.
No such method name 'removeMarkers' in declaration file. Class: Mode. Implicitly created.
No such method name 'addMarkers' in declaration file. Class: Mode. Implicitly created.
No such method name 'isInLoop' in declaration file. Class: FullFlowContext. Implicitly created.
No such method name 'pushScope' in declaration file. Class: FullFlowContext. Implicitly created.
No such method name 'popScope' in declaration file. Class: FullFlowContext. Implicitly created.
No such method name 'addGoto' in declaration file. Class: FullFlowContext. Implicitly created.
No such method name 'addLabel' in declaration file. Class: FullFlowContext. Implicitly created.
No such method name 'addLocal' in declaration file. Class: FullFlowContext. Implicitly created.
No such method name 'currentScope' in declaration file. Class: FullFlowContext. Implicitly created.
No such method name 'raiseDeferredErrors' in declaration file. Class: FullFlowContext. Implicitly created.
No such method name 'isInLoop' in declaration file. Class: LoopFlowContext. Implicitly created.
No such method name 'pushScope' in declaration file. Class: LoopFlowContext. Implicitly created.
No such method name 'popScope' in declaration file. Class: LoopFlowContext. Implicitly created.
No such method name 'addGoto' in declaration file. Class: LoopFlowContext. Implicitly created.
No such method name 'addLocal' in declaration file. Class: LoopFlowContext. Implicitly created.
No such method name 'setOptions' in declaration file. Class: PhpWorker. Implicitly created.
No such method name 'onUpdate' in declaration file. Class: PhpWorker. Implicitly created.
No such method name 'parseFromString' in declaration file. Class: DOMParser. Implicitly created.
No such method name 'DOMHandler' in declaration file. Class: DOMHandler. Implicitly created.
No such method name 'item' in declaration file. Class: LiveNodeList. Implicitly created.
No such method name 'serializeToString' in declaration file. Class: XMLSerializer. Implicitly created.
No such method name 'exports' in declaration file. Class: Rules. Implicitly created.
No such method name 'LazyWrapper' in declaration file. Class: LazyWrapper. Implicitly created.
No such method name 'compact' in declaration file. Class: LazyWrapper. Implicitly created.
No such method name 'reject' in declaration file. Class: LazyWrapper. Implicitly created.
No such method name 'slice' in declaration file. Class: LazyWrapper. Implicitly created.
No such method name 'takeRightWhile' in declaration file. Class: LazyWrapper. Implicitly created.
No such method name 'toArray' in declaration file. Class: LazyWrapper. Implicitly created.
No such method name 'onUpdate' in declaration file. Class: XQueryWorker. Implicitly created.
No such method name 'toString' in declaration file. Class: YAMLException. Implicitly created.
No such method name 'getSnippet' in declaration file. Class: Mark. Implicitly created.
No such method name 'toString' in declaration file. Class: Mark. Implicitly created.
No such method name 'create' in declaration file. Class: Schema. Implicitly created.
No such method name 'setOptions' in declaration file. Class: YamlWorker. Implicitly created.
No such method name 'changeOptions' in declaration file. Class: YamlWorker. Implicitly created.
No such method name 'onUpdate' in declaration file. Class: YamlWorker. Implicitly created.
No such method name 'setTimeout' in declaration file. Class: Mirror. Implicitly created.
No such method name 'setValue' in declaration file. Class: Mirror. Implicitly created.
No such method name 'getValue' in declaration file. Class: Mirror. Implicitly created.
No such method name 'onUpdate' in declaration file. Class: Mirror. Implicitly created.
No such method name 'isPending' in declaration file. Class: Mirror. Implicitly created.
No such method name 'callback' in declaration file. Class: Sender. Implicitly created.
No such method name 'emit' in declaration file. Class: Sender. Implicitly created.
No such method name 'onMessage' in declaration file. Class: WorkerClient. Implicitly created.
No such method name 'reportError' in declaration file. Class: WorkerClient. Implicitly created.
No such method name 'terminate' in declaration file. Class: WorkerClient. Implicitly created.
No such method name 'send' in declaration file. Class: WorkerClient. Implicitly created.
No such method name 'call' in declaration file. Class: WorkerClient. Implicitly created.
No such method name 'emit' in declaration file. Class: WorkerClient. Implicitly created.
No such method name 'attachToDocument' in declaration file. Class: WorkerClient. Implicitly created.
No such method name 'changeListener' in declaration file. Class: WorkerClient. Implicitly created.
